<?xml version="1.0" encoding="UTF-8"?>
<!-- Generated by org.testng.reporters.JUnitReportReporter -->
<testsuite skipped="0" hostname="GSR-Lap31" name="getRequest.GetData" tests="2" failures="0" timestamp="18 May 2018 12:18:28 GMT" time="5.089" errors="0">
  <testcase name="testResponseCode" time="0.534" classname="getRequest.GetData"/>
  <testcase name="testDetail" time="4.555" classname="getRequest.GetData"/>
</testsuite> <!-- getRequest.GetData -->
